   MainThread:18:34:30.899 util.py                                   210 DEBUG    | Send cmd --> nmcli general permissions |grep enable-disable-wifi
   MainThread:18:34:31.062 util.py                                   216 DEBUG    | Receive response --> org.freedesktop.NetworkManager.enable-disable-wifi                yes   

   MainThread:18:34:31.063 util.py                                   210 DEBUG    | Send cmd --> nmcli general permissions |grep scan
   MainThread:18:34:31.080 util.py                                   216 DEBUG    | Receive response --> org.freedesktop.NetworkManager.wifi.scan                          yes   

   MainThread:18:34:31.081 util.py                                   210 DEBUG    | Send cmd --> nmcli --version
   MainThread:18:34:31.094 util.py                                   216 DEBUG    | Receive response --> nmcli tool, version 1.42.4

   MainThread:18:34:31.094 util.py                                   210 DEBUG    | Send cmd -->  nmcli dev
   MainThread:18:34:31.112 util.py                                   216 DEBUG    | Receive response --> DEVICE         TYPE      STATE                   CONNECTION 
lo             loopback  connected (externally)  lo         
wlan0          wifi      disconnected            --         
p2p-dev-wlan0  wifi-p2p  disconnected            --         
eth0           ethernet  unavailable             --         

   MainThread:18:34:31.112 wireless.py                                98 DEBUG    | Wifi setup. Using [WifiCli] driver::[wlan0] interface
   MainThread:18:34:31.817 bleak_wrapper.py                          120 INFO     | Scanning for GoPro [A-Z0-9]{4} bluetooth devices...
   MainThread:18:34:32.405 manager.py                                323 DEBUG    | initial properties: {'/org/bluez': {'org.freedesktop.DBus.Introspectable': {}, 'org.bluez.AgentManager1': {}, 'org.bluez.ProfileManager1': {}, 'org.bluez.HealthManager1': {}}, '/org/bluez/hci0': {'org.freedesktop.DBus.Introspectable': {}, 'org.bluez.Adapter1': {'Address': '2C:CF:67:14:FF:E4', 'AddressType': 'public', 'Name': 'raspberrypi', 'Alias': 'raspberrypi', 'Class': 7077888, 'Powered': True, 'Discoverable': False, 'DiscoverableTimeout': 180, 'Pairable': False, 'PairableTimeout': 0, 'Discovering': False, 'UUIDs': ['0000110e-0000-1000-8000-00805f9b34fb', '0000111f-0000-1000-8000-00805f9b34fb', '00001200-0000-1000-8000-00805f9b34fb', '0000110b-0000-1000-8000-00805f9b34fb', '0000110a-0000-1000-8000-00805f9b34fb', '0000110c-0000-1000-8000-00805f9b34fb', '00001800-0000-1000-8000-00805f9b34fb', '00001801-0000-1000-8000-00805f9b34fb', '0000180a-0000-1000-8000-00805f9b34fb', '0000111e-0000-1000-8000-00805f9b34fb'], 'Modalias': 'usb:v1D6Bp0246d0542', 'Roles': ['central', 'peripheral']}, 'org.freedesktop.DBus.Properties': {}, 'org.bluez.GattManager1': {}, 'org.bluez.Media1': {'SupportedUUIDs': ['0000110a-0000-1000-8000-00805f9b34fb', '0000110b-0000-1000-8000-00805f9b34fb']}, 'org.bluez.NetworkServer1': {}, 'org.bluez.LEAdvertisingManager1': {'ActiveInstances': 0, 'SupportedInstances': 5, 'SupportedIncludes': ['tx-power', 'appearance', 'local-name']}}, '/org/bluez/hci0/dev_D0_11_03_18_59_7D': {'org.freedesktop.DBus.Introspectable': {}, 'org.bluez.Device1': {'Address': 'D0:11:03:18:59:7D', 'AddressType': 'random', 'Name': 'GoPro 1630', 'Alias': 'GoPro 1630', 'Appearance': 128, 'Icon': 'computer', 'Paired': True, 'Bonded': True, 'Trusted': False, 'Blocked': False, 'LegacyPairing': False, 'Connected': False, 'UUIDs': ['00001800-0000-1000-8000-00805f9b34fb', '00001801-0000-1000-8000-00805f9b34fb', '00001804-0000-1000-8000-00805f9b34fb', '0000180a-0000-1000-8000-00805f9b34fb', '0000180f-0000-1000-8000-00805f9b34fb', '0000fea6-0000-1000-8000-00805f9b34fb', 'b5f90001-aa8d-11e3-9046-0002a5d5c51b', 'b5f90080-aa8d-11e3-9046-0002a5d5c51b', 'b5f90090-aa8d-11e3-9046-0002a5d5c51b'], 'Adapter': '/org/bluez/hci0', 'ServicesResolved': False}, 'org.freedesktop.DBus.Properties': {}}, '/org/bluez/hci0/dev_E4_C1_C2_B8_0A_2D': {'org.freedesktop.DBus.Introspectable': {}, 'org.bluez.Device1': {'Address': 'E4:C1:C2:B8:0A:2D', 'AddressType': 'random', 'Name': 'GoPro 5491', 'Alias': 'GoPro 5491', 'Appearance': 128, 'Icon': 'computer', 'Paired': True, 'Bonded': True, 'Trusted': False, 'Blocked': False, 'LegacyPairing': False, 'Connected': False, 'UUIDs': ['00001800-0000-1000-8000-00805f9b34fb', '00001801-0000-1000-8000-00805f9b34fb', '00001804-0000-1000-8000-00805f9b34fb', '0000180a-0000-1000-8000-00805f9b34fb', '0000180f-0000-1000-8000-00805f9b34fb', '0000fea6-0000-1000-8000-00805f9b34fb', 'b5f90001-aa8d-11e3-9046-0002a5d5c51b', 'b5f90080-aa8d-11e3-9046-0002a5d5c51b', 'b5f90090-aa8d-11e3-9046-0002a5d5c51b'], 'Adapter': '/org/bluez/hci0', 'ServicesResolved': False}, 'org.freedesktop.DBus.Properties': {}}}
   MainThread:18:34:32.416 manager.py                                860 DEBUG    | received D-Bus signal: org.freedesktop.DBus.Properties.PropertiesChanged (/org/bluez/hci0): ['org.bluez.Adapter1', {'Discovering': <dbus_fast.signature.Variant ('b', True)>}, []]
   MainThread:18:34:32.782 manager.py                                860 DEBUG    | received D-Bus signal: org.freedesktop.DBus.Properties.PropertiesChanged (/org/bluez/hci0): ['org.bluez.Adapter1', {'Pairable': <dbus_fast.signature.Variant ('b', True)>}, []]
   MainThread:18:34:37.421 manager.py                                860 DEBUG    | received D-Bus signal: org.freedesktop.DBus.Properties.PropertiesChanged (/org/bluez/hci0): ['org.bluez.Adapter1', {'Discovering': <dbus_fast.signature.Variant ('b', False)>}, []]
   MainThread:18:34:37.423 client.py                                  85 WARNING  | Failed to find a device in 5 seconds. Retrying #1
   MainThread:18:34:37.424 bleak_wrapper.py                          120 INFO     | Scanning for GoPro [A-Z0-9]{4} bluetooth devices...
   MainThread:18:34:37.427 manager.py                                860 DEBUG    | received D-Bus signal: org.freedesktop.DBus.Properties.PropertiesChanged (/org/bluez/hci0): ['org.bluez.Adapter1', {'Discovering': <dbus_fast.signature.Variant ('b', True)>}, []]
   MainThread:18:34:42.436 manager.py                                860 DEBUG    | received D-Bus signal: org.freedesktop.DBus.Properties.PropertiesChanged (/org/bluez/hci0): ['org.bluez.Adapter1', {'Discovering': <dbus_fast.signature.Variant ('b', False)>}, []]
   MainThread:18:34:42.439 client.py                                  85 WARNING  | Failed to find a device in 5 seconds. Retrying #2
   MainThread:18:34:42.441 bleak_wrapper.py                          120 INFO     | Scanning for GoPro [A-Z0-9]{4} bluetooth devices...
   MainThread:18:34:42.445 manager.py                                860 DEBUG    | received D-Bus signal: org.freedesktop.DBus.Properties.PropertiesChanged (/org/bluez/hci0): ['org.bluez.Adapter1', {'Discovering': <dbus_fast.signature.Variant ('b', True)>}, []]
   MainThread:18:34:47.452 manager.py                                860 DEBUG    | received D-Bus signal: org.freedesktop.DBus.Properties.PropertiesChanged (/org/bluez/hci0): ['org.bluez.Adapter1', {'Discovering': <dbus_fast.signature.Variant ('b', False)>}, []]
   MainThread:18:34:47.455 client.py                                  85 WARNING  | Failed to find a device in 5 seconds. Retrying #3
   MainThread:18:34:47.457 bleak_wrapper.py                          120 INFO     | Scanning for GoPro [A-Z0-9]{4} bluetooth devices...
   MainThread:18:34:47.461 manager.py                                860 DEBUG    | received D-Bus signal: org.freedesktop.DBus.Properties.PropertiesChanged (/org/bluez/hci0): ['org.bluez.Adapter1', {'Discovering': <dbus_fast.signature.Variant ('b', True)>}, []]
   MainThread:18:34:52.469 manager.py                                860 DEBUG    | received D-Bus signal: org.freedesktop.DBus.Properties.PropertiesChanged (/org/bluez/hci0): ['org.bluez.Adapter1', {'Discovering': <dbus_fast.signature.Variant ('b', False)>}, []]
   MainThread:18:34:52.471 client.py                                  85 WARNING  | Failed to find a device in 5 seconds. Retrying #4
   MainThread:18:34:52.472 bleak_wrapper.py                          120 INFO     | Scanning for GoPro [A-Z0-9]{4} bluetooth devices...
   MainThread:18:34:52.475 manager.py                                860 DEBUG    | received D-Bus signal: org.freedesktop.DBus.Properties.PropertiesChanged (/org/bluez/hci0): ['org.bluez.Adapter1', {'Discovering': <dbus_fast.signature.Variant ('b', True)>}, []]
   MainThread:18:34:57.483 manager.py                                860 DEBUG    | received D-Bus signal: org.freedesktop.DBus.Properties.PropertiesChanged (/org/bluez/hci0): ['org.bluez.Adapter1', {'Discovering': <dbus_fast.signature.Variant ('b', False)>}, []]
   MainThread:18:34:57.485 client.py                                  85 WARNING  | Failed to find a device in 5 seconds. Retrying #5
   MainThread:18:34:57.487 bleak_wrapper.py                          120 INFO     | Scanning for GoPro [A-Z0-9]{4} bluetooth devices...
   MainThread:18:34:57.491 manager.py                                860 DEBUG    | received D-Bus signal: org.freedesktop.DBus.Properties.PropertiesChanged (/org/bluez/hci0): ['org.bluez.Adapter1', {'Discovering': <dbus_fast.signature.Variant ('b', True)>}, []]
   MainThread:18:35:02.496 manager.py                                860 DEBUG    | received D-Bus signal: org.freedesktop.DBus.Properties.PropertiesChanged (/org/bluez/hci0): ['org.bluez.Adapter1', {'Discovering': <dbus_fast.signature.Variant ('b', False)>}, []]
   MainThread:18:35:02.499 client.py                                  85 WARNING  | Failed to find a device in 5 seconds. Retrying #6
   MainThread:18:35:02.501 bleak_wrapper.py                          120 INFO     | Scanning for GoPro [A-Z0-9]{4} bluetooth devices...
   MainThread:18:35:02.505 manager.py                                860 DEBUG    | received D-Bus signal: org.freedesktop.DBus.Properties.PropertiesChanged (/org/bluez/hci0): ['org.bluez.Adapter1', {'Discovering': <dbus_fast.signature.Variant ('b', True)>}, []]
   MainThread:18:35:07.513 manager.py                                860 DEBUG    | received D-Bus signal: org.freedesktop.DBus.Properties.PropertiesChanged (/org/bluez/hci0): ['org.bluez.Adapter1', {'Discovering': <dbus_fast.signature.Variant ('b', False)>}, []]
   MainThread:18:35:07.516 client.py                                  85 WARNING  | Failed to find a device in 5 seconds. Retrying #7
   MainThread:18:35:07.517 bleak_wrapper.py                          120 INFO     | Scanning for GoPro [A-Z0-9]{4} bluetooth devices...
   MainThread:18:35:07.521 manager.py                                860 DEBUG    | received D-Bus signal: org.freedesktop.DBus.Properties.PropertiesChanged (/org/bluez/hci0): ['org.bluez.Adapter1', {'Discovering': <dbus_fast.signature.Variant ('b', True)>}, []]
   MainThread:18:35:12.529 manager.py                                860 DEBUG    | received D-Bus signal: org.freedesktop.DBus.Properties.PropertiesChanged (/org/bluez/hci0): ['org.bluez.Adapter1', {'Discovering': <dbus_fast.signature.Variant ('b', False)>}, []]
   MainThread:18:35:12.533 client.py                                  85 WARNING  | Failed to find a device in 5 seconds. Retrying #8
   MainThread:18:35:12.535 bleak_wrapper.py                          120 INFO     | Scanning for GoPro [A-Z0-9]{4} bluetooth devices...
   MainThread:18:35:12.539 manager.py                                860 DEBUG    | received D-Bus signal: org.freedesktop.DBus.Properties.PropertiesChanged (/org/bluez/hci0): ['org.bluez.Adapter1', {'Discovering': <dbus_fast.signature.Variant ('b', True)>}, []]
   MainThread:18:35:17.548 manager.py                                860 DEBUG    | received D-Bus signal: org.freedesktop.DBus.Properties.PropertiesChanged (/org/bluez/hci0): ['org.bluez.Adapter1', {'Discovering': <dbus_fast.signature.Variant ('b', False)>}, []]
   MainThread:18:35:17.551 client.py                                  85 WARNING  | Failed to find a device in 5 seconds. Retrying #9
   MainThread:18:35:17.552 gopro_wireless.py                         316 ERROR    | Error while opening: A scan timed out without finding a device
   MainThread:18:35:19.080 util.py                                   210 DEBUG    | Send cmd --> nmcli general permissions |grep enable-disable-wifi
   MainThread:18:35:19.108 util.py                                   216 DEBUG    | Receive response --> org.freedesktop.NetworkManager.enable-disable-wifi                yes   

   MainThread:18:35:19.108 util.py                                   210 DEBUG    | Send cmd --> nmcli general permissions |grep scan
   MainThread:18:35:19.136 util.py                                   216 DEBUG    | Receive response --> org.freedesktop.NetworkManager.wifi.scan                          yes   

   MainThread:18:35:19.136 util.py                                   210 DEBUG    | Send cmd --> nmcli --version
   MainThread:18:35:19.143 util.py                                   216 DEBUG    | Receive response --> nmcli tool, version 1.42.4

   MainThread:18:35:19.144 util.py                                   210 DEBUG    | Send cmd -->  nmcli dev
   MainThread:18:35:19.171 util.py                                   216 DEBUG    | Receive response --> DEVICE         TYPE      STATE                   CONNECTION 
lo             loopback  connected (externally)  lo         
wlan0          wifi      disconnected            --         
p2p-dev-wlan0  wifi-p2p  disconnected            --         
eth0           ethernet  unavailable             --         

   MainThread:18:35:19.171 wireless.py                                98 DEBUG    | Wifi setup. Using [WifiCli] driver::[wlan0] interface
   MainThread:18:35:19.196 bleak_wrapper.py                          120 INFO     | Scanning for GoPro [A-Z0-9]{4} bluetooth devices...
   MainThread:18:35:19.200 manager.py                                860 DEBUG    | received D-Bus signal: org.freedesktop.DBus.Properties.PropertiesChanged (/org/bluez/hci0): ['org.bluez.Adapter1', {'Discovering': <dbus_fast.signature.Variant ('b', True)>}, []]
   MainThread:18:35:24.208 manager.py                                860 DEBUG    | received D-Bus signal: org.freedesktop.DBus.Properties.PropertiesChanged (/org/bluez/hci0): ['org.bluez.Adapter1', {'Discovering': <dbus_fast.signature.Variant ('b', False)>}, []]
   MainThread:18:35:24.211 client.py                                  85 WARNING  | Failed to find a device in 5 seconds. Retrying #1
   MainThread:18:35:24.212 bleak_wrapper.py                          120 INFO     | Scanning for GoPro [A-Z0-9]{4} bluetooth devices...
   MainThread:18:35:24.216 manager.py                                860 DEBUG    | received D-Bus signal: org.freedesktop.DBus.Properties.PropertiesChanged (/org/bluez/hci0): ['org.bluez.Adapter1', {'Discovering': <dbus_fast.signature.Variant ('b', True)>}, []]
   MainThread:18:35:29.219 manager.py                                860 DEBUG    | received D-Bus signal: org.freedesktop.DBus.Properties.PropertiesChanged (/org/bluez/hci0): ['org.bluez.Adapter1', {'Discovering': <dbus_fast.signature.Variant ('b', False)>}, []]
   MainThread:18:35:29.228 client.py                                  85 WARNING  | Failed to find a device in 5 seconds. Retrying #2
   MainThread:18:35:29.230 bleak_wrapper.py                          120 INFO     | Scanning for GoPro [A-Z0-9]{4} bluetooth devices...
   MainThread:18:35:29.234 manager.py                                860 DEBUG    | received D-Bus signal: org.freedesktop.DBus.Properties.PropertiesChanged (/org/bluez/hci0): ['org.bluez.Adapter1', {'Discovering': <dbus_fast.signature.Variant ('b', True)>}, []]
   MainThread:18:35:34.242 manager.py                                860 DEBUG    | received D-Bus signal: org.freedesktop.DBus.Properties.PropertiesChanged (/org/bluez/hci0): ['org.bluez.Adapter1', {'Discovering': <dbus_fast.signature.Variant ('b', False)>}, []]
   MainThread:18:35:34.245 client.py                                  85 WARNING  | Failed to find a device in 5 seconds. Retrying #3
   MainThread:18:35:34.252 bleak_wrapper.py                          120 INFO     | Scanning for GoPro [A-Z0-9]{4} bluetooth devices...
   MainThread:18:35:34.256 manager.py                                860 DEBUG    | received D-Bus signal: org.freedesktop.DBus.Properties.PropertiesChanged (/org/bluez/hci0): ['org.bluez.Adapter1', {'Discovering': <dbus_fast.signature.Variant ('b', True)>}, []]
   MainThread:18:35:39.264 manager.py                                860 DEBUG    | received D-Bus signal: org.freedesktop.DBus.Properties.PropertiesChanged (/org/bluez/hci0): ['org.bluez.Adapter1', {'Discovering': <dbus_fast.signature.Variant ('b', False)>}, []]
   MainThread:18:35:39.267 client.py                                  85 WARNING  | Failed to find a device in 5 seconds. Retrying #4
   MainThread:18:35:39.269 bleak_wrapper.py                          120 INFO     | Scanning for GoPro [A-Z0-9]{4} bluetooth devices...
   MainThread:18:35:39.273 manager.py                                860 DEBUG    | received D-Bus signal: org.freedesktop.DBus.Properties.PropertiesChanged (/org/bluez/hci0): ['org.bluez.Adapter1', {'Discovering': <dbus_fast.signature.Variant ('b', True)>}, []]
   MainThread:18:35:44.281 manager.py                                860 DEBUG    | received D-Bus signal: org.freedesktop.DBus.Properties.PropertiesChanged (/org/bluez/hci0): ['org.bluez.Adapter1', {'Discovering': <dbus_fast.signature.Variant ('b', False)>}, []]
   MainThread:18:35:44.283 client.py                                  85 WARNING  | Failed to find a device in 5 seconds. Retrying #5
   MainThread:18:35:44.285 bleak_wrapper.py                          120 INFO     | Scanning for GoPro [A-Z0-9]{4} bluetooth devices...
   MainThread:18:35:44.289 manager.py                                860 DEBUG    | received D-Bus signal: org.freedesktop.DBus.Properties.PropertiesChanged (/org/bluez/hci0): ['org.bluez.Adapter1', {'Discovering': <dbus_fast.signature.Variant ('b', True)>}, []]
   MainThread:18:35:49.295 manager.py                                860 DEBUG    | received D-Bus signal: org.freedesktop.DBus.Properties.PropertiesChanged (/org/bluez/hci0): ['org.bluez.Adapter1', {'Discovering': <dbus_fast.signature.Variant ('b', False)>}, []]
   MainThread:18:35:49.297 client.py                                  85 WARNING  | Failed to find a device in 5 seconds. Retrying #6
   MainThread:18:35:49.307 bleak_wrapper.py                          120 INFO     | Scanning for GoPro [A-Z0-9]{4} bluetooth devices...
   MainThread:18:35:49.311 manager.py                                860 DEBUG    | received D-Bus signal: org.freedesktop.DBus.Properties.PropertiesChanged (/org/bluez/hci0): ['org.bluez.Adapter1', {'Discovering': <dbus_fast.signature.Variant ('b', True)>}, []]
   MainThread:18:35:54.320 manager.py                                860 DEBUG    | received D-Bus signal: org.freedesktop.DBus.Properties.PropertiesChanged (/org/bluez/hci0): ['org.bluez.Adapter1', {'Discovering': <dbus_fast.signature.Variant ('b', False)>}, []]
   MainThread:18:35:54.322 client.py                                  85 WARNING  | Failed to find a device in 5 seconds. Retrying #7
   MainThread:18:35:54.324 bleak_wrapper.py                          120 INFO     | Scanning for GoPro [A-Z0-9]{4} bluetooth devices...
   MainThread:18:35:54.328 manager.py                                860 DEBUG    | received D-Bus signal: org.freedesktop.DBus.Properties.PropertiesChanged (/org/bluez/hci0): ['org.bluez.Adapter1', {'Discovering': <dbus_fast.signature.Variant ('b', True)>}, []]
   MainThread:18:35:59.334 manager.py                                860 DEBUG    | received D-Bus signal: org.freedesktop.DBus.Properties.PropertiesChanged (/org/bluez/hci0): ['org.bluez.Adapter1', {'Discovering': <dbus_fast.signature.Variant ('b', False)>}, []]
   MainThread:18:35:59.336 client.py                                  85 WARNING  | Failed to find a device in 5 seconds. Retrying #8
   MainThread:18:35:59.338 bleak_wrapper.py                          120 INFO     | Scanning for GoPro [A-Z0-9]{4} bluetooth devices...
   MainThread:18:35:59.341 manager.py                                860 DEBUG    | received D-Bus signal: org.freedesktop.DBus.Properties.PropertiesChanged (/org/bluez/hci0): ['org.bluez.Adapter1', {'Discovering': <dbus_fast.signature.Variant ('b', True)>}, []]
   MainThread:18:36:04.347 manager.py                                860 DEBUG    | received D-Bus signal: org.freedesktop.DBus.Properties.PropertiesChanged (/org/bluez/hci0): ['org.bluez.Adapter1', {'Discovering': <dbus_fast.signature.Variant ('b', False)>}, []]
   MainThread:18:36:04.351 client.py                                  85 WARNING  | Failed to find a device in 5 seconds. Retrying #9
   MainThread:18:36:04.352 gopro_wireless.py                         316 ERROR    | Error while opening: A scan timed out without finding a device
   MainThread:18:36:05.870 util.py                                   210 DEBUG    | Send cmd --> nmcli general permissions |grep enable-disable-wifi
   MainThread:18:36:05.901 util.py                                   216 DEBUG    | Receive response --> org.freedesktop.NetworkManager.enable-disable-wifi                yes   

   MainThread:18:36:05.901 util.py                                   210 DEBUG    | Send cmd --> nmcli general permissions |grep scan
   MainThread:18:36:05.937 util.py                                   216 DEBUG    | Receive response --> org.freedesktop.NetworkManager.wifi.scan                          yes   

   MainThread:18:36:05.937 util.py                                   210 DEBUG    | Send cmd --> nmcli --version
   MainThread:18:36:05.946 util.py                                   216 DEBUG    | Receive response --> nmcli tool, version 1.42.4

   MainThread:18:36:05.946 util.py                                   210 DEBUG    | Send cmd -->  nmcli dev
   MainThread:18:36:05.977 util.py                                   216 DEBUG    | Receive response --> DEVICE         TYPE      STATE                   CONNECTION        
wlan0          wifi      connected               Angkasa-Timelapse 
lo             loopback  connected (externally)  lo                
p2p-dev-wlan0  wifi-p2p  disconnected            --                
eth0           ethernet  unavailable             --                

   MainThread:18:36:05.978 wireless.py                                98 DEBUG    | Wifi setup. Using [WifiCli] driver::[wlan0] interface
   MainThread:18:36:06.008 bleak_wrapper.py                          120 INFO     | Scanning for GoPro [A-Z0-9]{4} bluetooth devices...
   MainThread:18:36:06.012 manager.py                                860 DEBUG    | received D-Bus signal: org.freedesktop.DBus.Properties.PropertiesChanged (/org/bluez/hci0): ['org.bluez.Adapter1', {'Discovering': <dbus_fast.signature.Variant ('b', True)>}, []]
   MainThread:18:36:11.020 manager.py                                860 DEBUG    | received D-Bus signal: org.freedesktop.DBus.Properties.PropertiesChanged (/org/bluez/hci0): ['org.bluez.Adapter1', {'Discovering': <dbus_fast.signature.Variant ('b', False)>}, []]
   MainThread:18:36:11.022 client.py                                  85 WARNING  | Failed to find a device in 5 seconds. Retrying #1
   MainThread:18:36:11.023 bleak_wrapper.py                          120 INFO     | Scanning for GoPro [A-Z0-9]{4} bluetooth devices...
   MainThread:18:36:11.037 manager.py                                860 DEBUG    | received D-Bus signal: org.freedesktop.DBus.Properties.PropertiesChanged (/org/bluez/hci0): ['org.bluez.Adapter1', {'Discovering': <dbus_fast.signature.Variant ('b', True)>}, []]
   MainThread:18:36:41.924 manager.py                                860 DEBUG    | received D-Bus signal: org.freedesktop.DBus.Properties.PropertiesChanged (/org/bluez/hci0): ['org.bluez.Adapter1', {'Discovering': <dbus_fast.signature.Variant ('b', False)>}, []]
   MainThread:18:36:41.926 client.py                                  85 WARNING  | Failed to find a device in 5 seconds. Retrying #2
   MainThread:18:36:41.927 bleak_wrapper.py                          120 INFO     | Scanning for GoPro [A-Z0-9]{4} bluetooth devices...
   MainThread:18:36:41.935 manager.py                                860 DEBUG    | received D-Bus signal: org.freedesktop.DBus.Properties.PropertiesChanged (/org/bluez/hci0): ['org.bluez.Adapter1', {'Discovering': <dbus_fast.signature.Variant ('b', True)>}, []]
   MainThread:18:36:46.944 manager.py                                860 DEBUG    | received D-Bus signal: org.freedesktop.DBus.Properties.PropertiesChanged (/org/bluez/hci0): ['org.bluez.Adapter1', {'Discovering': <dbus_fast.signature.Variant ('b', False)>}, []]
   MainThread:18:36:46.953 client.py                                  85 WARNING  | Failed to find a device in 5 seconds. Retrying #3
   MainThread:18:36:46.955 bleak_wrapper.py                          120 INFO     | Scanning for GoPro [A-Z0-9]{4} bluetooth devices...
   MainThread:18:36:46.959 manager.py                                860 DEBUG    | received D-Bus signal: org.freedesktop.DBus.Properties.PropertiesChanged (/org/bluez/hci0): ['org.bluez.Adapter1', {'Discovering': <dbus_fast.signature.Variant ('b', True)>}, []]
   MainThread:18:36:51.963 manager.py                                860 DEBUG    | received D-Bus signal: org.freedesktop.DBus.Properties.PropertiesChanged (/org/bluez/hci0): ['org.bluez.Adapter1', {'Discovering': <dbus_fast.signature.Variant ('b', False)>}, []]
   MainThread:18:36:51.966 client.py                                  85 WARNING  | Failed to find a device in 5 seconds. Retrying #4
   MainThread:18:36:51.978 bleak_wrapper.py                          120 INFO     | Scanning for GoPro [A-Z0-9]{4} bluetooth devices...
   MainThread:18:36:51.982 manager.py                                860 DEBUG    | received D-Bus signal: org.freedesktop.DBus.Properties.PropertiesChanged (/org/bluez/hci0): ['org.bluez.Adapter1', {'Discovering': <dbus_fast.signature.Variant ('b', True)>}, []]
   MainThread:18:36:56.987 manager.py                                860 DEBUG    | received D-Bus signal: org.freedesktop.DBus.Properties.PropertiesChanged (/org/bluez/hci0): ['org.bluez.Adapter1', {'Discovering': <dbus_fast.signature.Variant ('b', False)>}, []]
   MainThread:18:36:56.990 client.py                                  85 WARNING  | Failed to find a device in 5 seconds. Retrying #5
   MainThread:18:36:56.991 bleak_wrapper.py                          120 INFO     | Scanning for GoPro [A-Z0-9]{4} bluetooth devices...
   MainThread:18:36:56.995 manager.py                                860 DEBUG    | received D-Bus signal: org.freedesktop.DBus.Properties.PropertiesChanged (/org/bluez/hci0): ['org.bluez.Adapter1', {'Discovering': <dbus_fast.signature.Variant ('b', True)>}, []]
   MainThread:18:37:02.001 manager.py                                860 DEBUG    | received D-Bus signal: org.freedesktop.DBus.Properties.PropertiesChanged (/org/bluez/hci0): ['org.bluez.Adapter1', {'Discovering': <dbus_fast.signature.Variant ('b', False)>}, []]
   MainThread:18:37:02.003 client.py                                  85 WARNING  | Failed to find a device in 5 seconds. Retrying #6
   MainThread:18:37:02.004 bleak_wrapper.py                          120 INFO     | Scanning for GoPro [A-Z0-9]{4} bluetooth devices...
   MainThread:18:37:02.007 manager.py                                860 DEBUG    | received D-Bus signal: org.freedesktop.DBus.Properties.PropertiesChanged (/org/bluez/hci0): ['org.bluez.Adapter1', {'Discovering': <dbus_fast.signature.Variant ('b', True)>}, []]
   MainThread:18:37:06.336 manager.py                                860 DEBUG    | received D-Bus signal: org.freedesktop.DBus.Properties.PropertiesChanged (/org/bluez/hci0): ['org.bluez.Adapter1', {'Pairable': <dbus_fast.signature.Variant ('b', False)>}, []]
   MainThread:18:37:06.364 manager.py                                860 DEBUG    | received D-Bus signal: org.freedesktop.DBus.Properties.PropertiesChanged (/org/bluez/hci0): ['org.bluez.Adapter1', {'Powered': <dbus_fast.signature.Variant ('b', False)>, 'Discovering': <dbus_fast.signature.Variant ('b', False)>, 'Class': <dbus_fast.signature.Variant ('u', 0)>}, []]
